Command line: /home/apps/spades/bin/spades.py --basespace /data/input/AppSession.json

System information:
  SPAdes version: 3.0.0
  Python version: 2.7.3
  OS: Linux-4.4.0-1070-aws-x86_64-with-Ubuntu-12.04-precise

Output dir: /data/scratch/spades/output
Mode: read error correction and assembling
Debug mode is turned OFF

Dataset parameters:
  Multi-cell mode (you should set '--sc' flag if input data was obtained with MDA (single-cell) technology
  Reads:
    Library number: 1, library type: paired-end
      orientation: fr
      left reads: ['/data/input/samples/37372535/Data/Intensities/BaseCalls/SRR643156_S2_L001_R1_001.fastq.gz']
      right reads: ['/data/input/samples/37372535/Data/Intensities/BaseCalls/SRR643156_S2_L001_R2_001.fastq.gz']
      interlaced reads: not specified
      single reads: not specified
Read error correction parameters:
  Iterations: 1
  PHRED offset will be auto-detected
  Corrected reads will be compressed (with gzip)
Assembly parameters:
  k: [85]
  MismatchCorrector will be SKIPPED
  Repeat resolution is enabled
Other parameters:
  Dir for temp files: /data/scratch/spades/output/tmp
  Threads: 32
  Memory limit (in Gb): 60


======= SPAdes pipeline started. Log can be found here: /data/scratch/spades/output/spades.log


===== Read error correction started. 


== Running read error correction tool: /home/apps/spades/bin/hammer /data/scratch/spades/output/corrected/configs/config.info

   0:00:00.000    4M /    4M   INFO  General                 (main.cpp                  :  82)   Loading config from /data/scratch/spades/output/corrected/configs/config.info
   0:00:00.000    4M /    4M   INFO  General                 (memory_limit.hpp          :  29)   Memory limit set to 60 Gb
   0:00:00.000    4M /    4M   INFO  General                 (main.cpp                  :  91)   Trying to determine PHRED offset
   0:00:00.000    4M /    4M   INFO  General                 (main.cpp                  :  97)   Determined value is 33
   0:00:00.000    4M /    4M   INFO  General                 (hammer_tools.cpp          :  49)   Hamming graph threshold tau=1, k=21, subkmer positions = [ 0 10 ]
     === ITERATION 0 begins ===
   0:00:00.001    4M /    4M   INFO K-mer Index Building     (kmer_index.hpp            : 467)   Building kmer index
   0:00:00.001    4M /    4M   INFO K-mer Splitting          (kmer_data.cpp             : 127)   Splitting kmer instances into 512 buckets. This might take a while.
   0:00:00.001    4M /    4M   INFO  General                 (file_limit.hpp            :  29)   Open file limit set to 1048576
   0:00:00.001    4M /    4M   INFO K-mer Splitting          (kmer_data.cpp             : 150)   Memory available for splitting buffers: 0.624959 Gb
   0:00:00.001    4M /    4M   INFO K-mer Splitting          (kmer_data.cpp             : 159)   Using cell size of 131072
   0:00:24.903   17G /   18G   INFO K-mer Splitting          (kmer_data.cpp             : 181)   Processed 4026426 reads
   0:00:41.362   17G /   18G   INFO K-mer Splitting          (kmer_data.cpp             : 181)   Processed 8052852 reads
   0:00:41.362   17G /   18G   INFO K-mer Splitting          (kmer_data.cpp             : 186)   Processed 8052852 reads
   0:00:41.864  128M /   18G   INFO  General                 (kmer_index.hpp            : 345)   Starting k-mer counting.
   0:00:47.446  128M /   18G   INFO  General                 (kmer_index.hpp            : 351)   K-mer counting done. There are 50703080 kmers in total.
   0:00:47.446  128M /   18G   INFO  General                 (kmer_index.hpp            : 353)   Merging temporary buckets.
   0:00:47.792  128M /   18G   INFO K-mer Index Building     (kmer_index.hpp            : 476)   Building perfect hash indices
   0:00:51.682  128M /   18G   INFO  General                 (kmer_index.hpp            : 371)   Merging final buckets.
   0:00:52.031  128M /   18G   INFO K-mer Index Building     (kmer_index.hpp            : 515)   Index built. Total 17540130 bytes occupied (2.76751 bits per kmer).
   0:00:52.031  128M /   18G   INFO K-mer Counting           (kmer_data.cpp             : 271)   Arranging kmers in hash map order
   0:01:05.455  128M /   18G   INFO K-mer Counting           (kmer_data.cpp             : 284)   Done. Total swaps: 50702829
   0:01:05.693  516M /   18G   INFO  General                 (main.cpp                  : 151)   Clustering Hamming graph.
   0:01:05.694  516M /   18G   INFO Hamming Clustering       (hamcluster.cpp            : 115)   Serializing sub-kmers.
   0:01:05.694  516M /   18G   INFO Hamming Clustering       (hamcluster.cpp            : 120)   Serializing: [0, 10)
   0:01:12.478  516M /   18G   INFO Hamming Clustering       (hamcluster.cpp            : 120)   Serializing: [10, 21)
   0:01:19.312  516M /   18G   INFO Hamming Clustering       (hamcluster.cpp            : 129)   Splitting sub-kmers, pass 1.
   0:01:26.933  516M /   18G   INFO Hamming Clustering       (hamcluster.cpp            : 134)   Splitting done. Processed 2 blocks. Produced 4851385 blocks.
   0:01:26.933  516M /   18G   INFO Hamming Clustering       (hamcluster.cpp            : 145)   Merge sub-kmers, pass 1
   0:02:18.584  516M /   18G   INFO Hamming Clustering       (hamcluster.cpp            : 170)   Merge done, total 465413 new blocks generated.
   0:02:18.667  516M /   18G   INFO Hamming Clustering       (hamcluster.cpp            : 175)   Spliting sub-kmers, pass 2.
   0:02:35.570  516M /   18G   INFO Hamming Clustering       (hamcluster.cpp            : 180)   Splitting done. Processed 930826 blocks. Produced 75551952 blocks.
   0:02:35.570  516M /   18G   INFO Hamming Clustering       (hamcluster.cpp            : 187)   Merge sub-kmers, pass 2
   0:02:56.854  516M /   18G   INFO Hamming Clustering       (hamcluster.cpp            : 205)   Merge done, saw 10999 big blocks out of 75551952 processed.
   0:03:19.367  516M /   18G   INFO  General                 (main.cpp                  : 165)   Clustering done. Total clusters: 18490528
   0:03:19.367  516M /   18G   INFO K-mer Counting           (kmer_data.cpp             : 289)   Collecting K-mer information, this takes a while.
   0:03:48.757    2G /   18G   INFO K-mer Counting           (kmer_data.cpp             : 301)   Collection done, postprocessing.
   0:03:49.362    2G /   18G   INFO K-mer Counting           (kmer_data.cpp             : 314)   There are 50703080 kmers in total. Among them 40750432 (80.3707%) are singletons.
   0:03:49.362    2G /   18G   INFO  General                 (main.cpp                  : 203)   Subclustering Hamming graph
   0:09:35.457    2G /   18G   INFO Hamming Subclustering    (kmer_cluster.cpp          : 654)   Subclustering done. Total 663 non-read kmers were generated.
   0:09:35.457    2G /   18G   INFO Hamming Subclustering    (kmer_cluster.cpp          : 655)   Subclustering statistics:
   0:09:35.457    2G /   18G   INFO Hamming Subclustering    (kmer_cluster.cpp          : 656)     Total singleton hamming clusters: 12966659. Among them 2762555 (21.3051%) are good
   0:09:35.457    2G /   18G   INFO Hamming Subclustering    (kmer_cluster.cpp          : 657)     Total singleton subclusters: 5663. Among them 5662 (99.9823%) are good
   0:09:35.457    2G /   18G   INFO Hamming Subclustering    (kmer_cluster.cpp          : 658)     Total non-singleton subcluster centers: 5668146. Among them 4990682 (88.0479%) are good
   0:09:35.457    2G /   18G   INFO Hamming Subclustering    (kmer_cluster.cpp          : 659)     Average size of non-trivial subcluster: 6.65776 kmers
   0:09:35.457    2G /   18G   INFO Hamming Subclustering    (kmer_cluster.cpp          : 660)     Average number of sub-clusters per non-singleton cluster: 1.02714
   0:09:35.457    2G /   18G   INFO Hamming Subclustering    (kmer_cluster.cpp          : 661)     Total solid k-mers: 7758899
   0:09:35.457    2G /   18G   INFO Hamming Subclustering    (kmer_cluster.cpp          : 662)     Substitution probabilities: [4,4]((0.942427,0.0184465,0.0158398,0.0232867),(0.0226618,0.954589,0.00773102,0.0150186),(0.0147338,0.00761125,0.95474,0.0229147),(0.0231137,0.0157536,0.0183644,0.942768))
   0:09:35.487    2G /   18G   INFO  General                 (main.cpp                  : 208)   Finished clustering.
   0:09:35.487    2G /   18G   INFO  General                 (main.cpp                  : 228)   Starting solid k-mers expansion in 32 threads.
   0:09:59.319    2G /   18G   INFO  General                 (main.cpp                  : 249)   Solid k-mers iteration 0 produced 1509195 new k-mers.
   0:10:21.509    2G /   18G   INFO  General                 (main.cpp                  : 249)   Solid k-mers iteration 1 produced 108700 new k-mers.
   0:10:43.985    2G /   18G   INFO  General                 (main.cpp                  : 249)   Solid k-mers iteration 2 produced 4003 new k-mers.
   0:11:06.557    2G /   18G   INFO  General                 (main.cpp                  : 249)   Solid k-mers iteration 3 produced 96 new k-mers.
   0:11:29.401    2G /   18G   INFO  General                 (main.cpp                  : 249)   Solid k-mers iteration 4 produced 0 new k-mers.
   0:11:29.401    2G /   18G   INFO  General                 (main.cpp                  : 253)   Solid k-mers finalized
   0:11:29.401    2G /   18G   INFO  General                 (hammer_tools.cpp          : 223)   Starting read correction in 32 threads.
   0:11:29.401    2G /   18G   INFO  General                 (hammer_tools.cpp          : 235)   Correcting pair of reads: /data/input/samples/37372535/Data/Intensities/BaseCalls/SRR643156_S2_L001_R1_001.fastq.gz and /data/input/samples/37372535/Data/Intensities/BaseCalls/SRR643156_S2_L001_R2_001.fastq.gz
   0:11:45.814    5G /   18G   INFO  General                 (hammer_tools.cpp          : 179)   Prepared batch 0 of 3200000 reads.
   0:11:51.348    5G /   18G   INFO  General                 (hammer_tools.cpp          : 188)   Processed batch 0
   0:11:56.429    5G /   18G   INFO  General                 (hammer_tools.cpp          : 198)   Written batch 0
   0:12:00.975    5G /   18G   INFO  General                 (hammer_tools.cpp          : 179)   Prepared batch 1 of 826426 reads.
   0:12:04.154    5G /   18G   INFO  General                 (hammer_tools.cpp          : 188)   Processed batch 1
   0:12:05.580    5G /   18G   INFO  General                 (hammer_tools.cpp          : 198)   Written batch 1
   0:12:08.104    2G /   18G   INFO  General                 (hammer_tools.cpp          : 282)   Correction done. Changed 1068835 bases in 1031861 reads.
   0:12:08.104    2G /   18G   INFO  General                 (hammer_tools.cpp          : 283)   Failed to correct 43366405 bases out of 757483640.
   0:12:08.311  516M /   18G   INFO  General                 (main.cpp                  : 286)   Saving corrected dataset description to /data/scratch/spades/output/corrected/corrected.yaml
   0:12:08.312  516M /   18G   INFO  General                 (main.cpp                  : 293)   All done. Exiting.

== Compressing corrected reads (with gzip)

== Dataset description file was created: /data/scratch/spades/output/corrected/corrected.yaml


===== Read error correction finished. 


===== Assembling started.


== Running assembler: K85

   0:00:00.000    4M /    4M   INFO  General                 (memory_limit.hpp          :  29)   Memory limit set to 60 Gb
   0:00:00.000    4M /    4M   INFO  General                 (main.cpp                  : 146)   Assembling dataset (/data/scratch/spades/output/dataset.info) with K=85
   0:00:00.000    4M /    4M   INFO  General                 (launch.hpp                :  28)   SPAdes started
   0:00:00.000    4M /    4M   INFO  General                 (launch.hpp                :  29)   Starting from stage: construction
   0:00:00.000    4M /    4M   INFO StageManager             (stage.cpp                 : 125)   STAGE == Construction
   0:00:00.000    4M /    4M   INFO  General                 (read_converter.hpp        :  79)   Converting reads to binary format (takes a while)
   0:00:00.000    4M /    4M   INFO  General                 (read_converter.hpp        :  81)   Paired reads for library #0
   0:00:00.219   76M /   76M   INFO  General                 (binary_converter.hpp      : 138)   16384 reads processed
   0:00:00.323   88M /   88M   INFO  General                 (binary_converter.hpp      : 138)   32768 reads processed
   0:00:00.521  108M /  108M   INFO  General                 (binary_converter.hpp      : 138)   65536 reads processed
   0:00:00.919  152M /  152M   INFO  General                 (binary_converter.hpp      : 138)   131072 reads processed
   0:00:01.719  236M /  236M   INFO  General                 (binary_converter.hpp      : 138)   262144 reads processed
   0:00:03.492  404M /  404M   INFO  General                 (binary_converter.hpp      : 138)   524288 reads processed
   0:00:07.562  668M /  668M   INFO  General                 (binary_converter.hpp      : 138)   1048576 reads processed
   0:00:14.765  672M /  672M   INFO  General                 (binary_converter.hpp      : 138)   2097152 reads processed
   0:00:27.750  116M /  672M   INFO  General                 (binary_converter.hpp      : 158)   3787416 reads written
   0:00:27.817    4M /  672M   INFO  General                 (read_converter.hpp        :  91)   Single reads for library #0
   0:00:27.944  136M /  672M   INFO  General                 (binary_converter.hpp      : 138)   16384 reads processed
   0:00:27.991  140M /  672M   INFO  General                 (binary_converter.hpp      : 138)   32768 reads processed
   0:00:28.086  148M /  672M   INFO  General                 (binary_converter.hpp      : 138)   65536 reads processed
   0:00:28.276  168M /  672M   INFO  General                 (binary_converter.hpp      : 138)   131072 reads processed
   0:00:28.468  180M /  672M   INFO  General                 (binary_converter.hpp      : 158)   173418 reads written
   0:00:28.558    4M /  672M   INFO  General                 (graph_construction.hpp    : 127)   Constructing DeBruijn graph for k=85
   0:00:28.558    4M /  672M   INFO  General                 (kmer_splitters.hpp        : 164)   Splitting kmer instances into 1024 buckets. This might take a while.
   0:00:28.558    4M /  672M   INFO  General                 (file_limit.hpp            :  29)   Open file limit set to 1048576
   0:00:28.558    4M /  672M   INFO  General                 (kmer_splitters.hpp        : 187)   Memory available for splitting buffers: 0.624959 Gb
   0:00:28.558    4M /  672M   INFO  General                 (kmer_splitters.hpp        : 197)   Using cell size of 21845
   0:00:30.320   17G /   17G   INFO  General                 (kmer_splitters.hpp        : 225)   Processed 15496500 reads
   0:00:30.320   17G /   17G   INFO  General                 (kmer_splitters.hpp        : 231)   Adding contigs from previous K
   0:00:30.320   17G /   17G   INFO  General                 (kmer_splitters.hpp        : 242)   Used 15496500 reads. Maximum read length 101
   0:00:30.562  128M /   17G   INFO  General                 (kmer_index.hpp            : 345)   Starting k-mer counting.
   0:00:30.827  128M /   17G   INFO  General                 (kmer_index.hpp            : 351)   K-mer counting done. There are 7305590 kmers in total.
   0:00:30.827  128M /   17G   INFO  General                 (kmer_index.hpp            : 353)   Merging temporary buckets.
   0:00:31.026  128M /   17G   INFO K-mer Index Building     (kmer_index.hpp            : 467)   Building kmer index
   0:00:31.026  128M /   17G   INFO  General                 (kmer_splitters.hpp        : 381)   Splitting kmer instances into 512 buckets. This might take a while.
   0:00:31.027  128M /   17G   INFO  General                 (file_limit.hpp            :  29)   Open file limit set to 1048576
   0:00:31.027  128M /   17G   INFO  General                 (kmer_splitters.hpp        : 404)   Memory available for splitting buffers: 0.623698 Gb
   0:00:31.027  128M /   17G   INFO  General                 (kmer_splitters.hpp        : 413)   Using cell size of 43690
   0:00:31.864   17G /   17G   INFO  General                 (kmer_splitters.hpp        : 436)   Processed 7305590 kmers
   0:00:31.864   17G /   17G   INFO  General                 (kmer_splitters.hpp        : 445)   Used 7305590 kmers.
   0:00:31.978  128M /   17G   INFO  General                 (kmer_index.hpp            : 345)   Starting k-mer counting.
   0:00:32.192  128M /   17G   INFO  General                 (kmer_index.hpp            : 351)   K-mer counting done. There are 7543083 kmers in total.
   0:00:32.192  128M /   17G   INFO  General                 (kmer_index.hpp            : 353)   Merging temporary buckets.
   0:00:32.335  128M /   17G   INFO K-mer Index Building     (kmer_index.hpp            : 476)   Building perfect hash indices
   0:00:32.699  128M /   17G   INFO  General                 (kmer_index.hpp            : 371)   Merging final buckets.
   0:00:32.836  128M /   17G   INFO K-mer Index Building     (kmer_index.hpp            : 515)   Index built. Total 2609475 bytes occupied (2.76754 bits per kmer).
   0:00:32.841  136M /   17G   INFO DeBruijnExtensionIndexBu (kmer_extension_index.hpp  : 382)   Building k-mer extensions from k+1-mers
   0:00:33.283  136M /   17G   INFO DeBruijnExtensionIndexBu (kmer_extension_index.hpp  : 386)   Building k-mer extensions from k+1-mers finished.
   0:00:33.284  136M /   17G   INFO  General                 (graph_construction.hpp    : 143)   Condensing graph
   0:00:33.284  136M /   17G   INFO UnbranchingPathExtractor (debruijn_graph_constructor: 346)   Extracting unbranching paths
   0:00:35.791  236M /   17G   INFO UnbranchingPathExtractor (debruijn_graph_constructor: 360)   Extracting unbranching paths finished. 1099500 sequences extracted
   0:00:36.052  236M /   17G   INFO UnbranchingPathExtractor (debruijn_graph_constructor: 320)   Collecting perfect loops
   0:00:37.147  236M /   17G   INFO UnbranchingPathExtractor (debruijn_graph_constructor: 335)   Collecting perfect loops finished. 2 loops collected
   0:00:37.675  392M /   17G   INFO  General                 (graph_construction.hpp    : 151)   Building index with coverage from graph
   0:00:37.675  392M /   17G   INFO K-mer Index Building     (kmer_index.hpp            : 467)   Building kmer index
   0:00:37.675  392M /   17G   INFO  General                 (kmer_splitters.hpp        : 285)   Splitting kmer instances into 16 buckets. This might take a while.
   0:00:37.675  392M /   17G   INFO  General                 (file_limit.hpp            :  29)   Open file limit set to 1048576
   0:00:37.675  392M /   17G   INFO  General                 (kmer_splitters.hpp        : 308)   Memory available for splitting buffers: 19.8724 Gb
   0:00:37.675  392M /   17G   INFO  General                 (kmer_splitters.hpp        : 314)   Using cell size of 1398101
   0:00:39.022  968M /   17G   INFO  General                 (kmer_splitters.hpp        : 327)   Processed 1099502 edges
   0:00:39.023  968M /   17G   INFO  General                 (kmer_splitters.hpp        : 332)   Used 1099502 sequences.
   0:00:39.042  392M /   17G   INFO  General                 (kmer_index.hpp            : 345)   Starting k-mer counting.
   0:00:39.357  392M /   17G   INFO  General                 (kmer_index.hpp            : 351)   K-mer counting done. There are 7305590 kmers in total.
   0:00:39.357  392M /   17G   INFO  General                 (kmer_index.hpp            : 353)   Merging temporary buckets.
   0:00:39.460  392M /   17G   INFO K-mer Index Building     (kmer_index.hpp            : 476)   Building perfect hash indices
   0:00:41.392  396M /   17G   INFO  General                 (kmer_index.hpp            : 371)   Merging final buckets.
   0:00:41.496  396M /   17G   INFO K-mer Index Building     (kmer_index.hpp            : 515)   Index built. Total 2527318 bytes occupied (2.76754 bits per kmer).
   0:00:41.573  564M /   17G   INFO  General                 (edge_index_builders.hpp   :  21)   Collecting k-mer coverage information from graph, this takes a while.
   0:00:49.701  564M /   17G   INFO  General                 (edge_index_builders.hpp   :  99)   Collecting k-mer coverage information from reads, this takes a while.
   0:00:53.259  556M /   17G   INFO  General                 (graph_construction.hpp    : 179)   Filling coverage and flanking coverage from index
   0:00:54.538  556M /   17G   INFO  General                 (construction.cpp          :  32)   Figured out: read length = 101
   0:00:54.539  556M /   17G   INFO StageManager             (stage.cpp                 : 125)   STAGE == EC Threshold Finding
   0:00:54.662  556M /   17G   INFO  General                 (kmer_coverage_model.cpp   : 187)   Kmer coverage valley at: 0
   0:00:54.662  556M /   17G   INFO  General                 (kmer_coverage_model.cpp   : 222)   Estimated coverage: 38
   0:00:54.662  556M /   17G   INFO  General                 (kmer_coverage_model.cpp   : 282)   Fitting coverage model
   0:00:54.681  556M /   17G   INFO  General                 (kmer_coverage_model.cpp   : 308)   ... iteration 2
   0:00:54.716  556M /   17G   INFO  General                 (kmer_coverage_model.cpp   : 308)   ... iteration 4
   0:00:54.848  556M /   17G   INFO  General                 (kmer_coverage_model.cpp   : 308)   ... iteration 8
   0:00:55.343  556M /   17G   INFO  General                 (kmer_coverage_model.cpp   : 308)   ... iteration 16
   0:00:57.386  556M /   17G   INFO  General                 (kmer_coverage_model.cpp   : 308)   ... iteration 32
   0:01:00.264  556M /   17G   INFO  General                 (kmer_coverage_model.cpp   : 344)   Probability of erroneous kmer at valley: 0.999621
   0:01:00.264  556M /   17G   INFO  General                 (kmer_coverage_model.cpp   : 368)   Estimated genome size (ignoring repeats): 2596128
   0:01:00.264  556M /   17G   INFO  General                 (genomic_info_filler.cpp   : 101)   EC coverage threshold value was calculated as 17
   0:01:00.264  556M /   17G   INFO StageManager             (stage.cpp                 : 125)   STAGE == Gap Closer
   0:01:00.265  556M /   17G   INFO  General                 (gap_closer.cpp            : 178)   Preparing shift maps
   0:01:01.365  656M /   17G   INFO  General                 (gap_closer.cpp            : 132)   Processing paired reads (takes a while)
   0:01:03.092  768M /   17G   INFO  General                 (gap_closer.cpp            : 158)   Used 7574832 paired reads
   0:01:03.092  768M /   17G   INFO  General                 (gap_closer.cpp            : 160)   Merging paired indices
   0:01:03.493  752M /   17G   INFO GapCloser                (gap_closer.cpp            : 409)   Closing short gaps
   0:01:04.508  752M /   17G   INFO GapCloser                (gap_closer.cpp            : 438)   Closing short gaps complete: filled 159 gaps after checking 788 candidates
   0:01:05.285  556M /   17G   INFO  General                 (gap_closer.cpp            : 506)   Detaching and clearing index
   0:01:05.301  388M /   17G   INFO  General                 (gap_closer.cpp            : 509)   Index clearing finished
   0:01:05.301  388M /   17G   INFO StageManager             (stage.cpp                 : 125)   STAGE == Simplification
   0:01:05.301  388M /   17G   INFO  General                 (graph_simplification.hpp  : 633)   PROCEDURE == Presimplification
   0:01:05.301  388M /   17G   INFO  General                 (graph_simplification.hpp  : 416)   Removing short low covered self-conjugate connections
   0:01:07.848  384M /   17G   INFO  General                 (graph_simplification.hpp  : 713)   PROCEDURE == Simplification cycle, iteration 1
   0:01:07.848  384M /   17G   INFO  General                 (graph_simplification.hpp  : 309)   Clipping tips
   0:01:12.942  392M /   17G   INFO  General                 (graph_simplification.hpp  : 370)   Removing bulges
   0:01:14.020  392M /   17G   INFO  General                 (graph_simplification.hpp  : 397)   Removing low covered connections
   0:01:15.060  392M /   17G   INFO  General                 (graph_simplification.hpp  : 713)   PROCEDURE == Simplification cycle, iteration 2
   0:01:15.060  392M /   17G   INFO  General                 (graph_simplification.hpp  : 309)   Clipping tips
   0:01:15.865  392M /   17G   INFO  General                 (graph_simplification.hpp  : 370)   Removing bulges
   0:01:16.910  392M /   17G   INFO  General                 (graph_simplification.hpp  : 397)   Removing low covered connections
   0:01:17.958  392M /   17G   INFO  General                 (graph_simplification.hpp  : 713)   PROCEDURE == Simplification cycle, iteration 3
   0:01:17.958  392M /   17G   INFO  General                 (graph_simplification.hpp  : 309)   Clipping tips
   0:01:18.766  392M /   17G   INFO  General                 (graph_simplification.hpp  : 370)   Removing bulges
   0:01:19.808  392M /   17G   INFO  General                 (graph_simplification.hpp  : 397)   Removing low covered connections
   0:01:20.853  392M /   17G   INFO  General                 (graph_simplification.hpp  : 713)   PROCEDURE == Simplification cycle, iteration 4
   0:01:20.853  392M /   17G   INFO  General                 (graph_simplification.hpp  : 309)   Clipping tips
   0:01:21.665  392M /   17G   INFO  General                 (graph_simplification.hpp  : 370)   Removing bulges
   0:01:22.707  392M /   17G   INFO  General                 (graph_simplification.hpp  : 397)   Removing low covered connections
   0:01:23.750  392M /   17G   INFO  General                 (graph_simplification.hpp  : 713)   PROCEDURE == Simplification cycle, iteration 5
   0:01:23.750  392M /   17G   INFO  General                 (graph_simplification.hpp  : 309)   Clipping tips
   0:01:24.559  392M /   17G   INFO  General                 (graph_simplification.hpp  : 370)   Removing bulges
   0:01:25.605  392M /   17G   INFO  General                 (graph_simplification.hpp  : 397)   Removing low covered connections
   0:01:26.653  392M /   17G   INFO  General                 (graph_simplification.hpp  : 713)   PROCEDURE == Simplification cycle, iteration 6
   0:01:26.653  392M /   17G   INFO  General                 (graph_simplification.hpp  : 309)   Clipping tips
   0:01:27.462  392M /   17G   INFO  General                 (graph_simplification.hpp  : 370)   Removing bulges
   0:01:28.497  392M /   17G   INFO  General                 (graph_simplification.hpp  : 397)   Removing low covered connections
   0:01:29.539  392M /   17G   INFO  General                 (graph_simplification.hpp  : 713)   PROCEDURE == Simplification cycle, iteration 7
   0:01:29.539  392M /   17G   INFO  General                 (graph_simplification.hpp  : 309)   Clipping tips
   0:01:30.348  392M /   17G   INFO  General                 (graph_simplification.hpp  : 370)   Removing bulges
   0:01:31.386  392M /   17G   INFO  General                 (graph_simplification.hpp  : 397)   Removing low covered connections
   0:01:32.433  392M /   17G   INFO  General                 (graph_simplification.hpp  : 713)   PROCEDURE == Simplification cycle, iteration 8
   0:01:32.433  392M /   17G   INFO  General                 (graph_simplification.hpp  : 309)   Clipping tips
   0:01:33.239  392M /   17G   INFO  General                 (graph_simplification.hpp  : 370)   Removing bulges
   0:01:34.279  392M /   17G   INFO  General                 (graph_simplification.hpp  : 397)   Removing low covered connections
   0:01:35.325  392M /   17G   INFO  General                 (graph_simplification.hpp  : 713)   PROCEDURE == Simplification cycle, iteration 9
   0:01:35.325  392M /   17G   INFO  General                 (graph_simplification.hpp  : 309)   Clipping tips
   0:01:36.127  392M /   17G   INFO  General                 (graph_simplification.hpp  : 370)   Removing bulges
   0:01:37.170  392M /   17G   INFO  General                 (graph_simplification.hpp  : 397)   Removing low covered connections
   0:01:38.232  392M /   17G   INFO  General                 (graph_simplification.hpp  : 713)   PROCEDURE == Simplification cycle, iteration 10
   0:01:38.232  392M /   17G   INFO  General                 (graph_simplification.hpp  : 309)   Clipping tips
   0:01:39.048  392M /   17G   INFO  General                 (graph_simplification.hpp  : 370)   Removing bulges
   0:01:40.098  392M /   17G   INFO  General                 (graph_simplification.hpp  : 397)   Removing low covered connections
   0:01:41.143  392M /   17G   INFO  General                 (graph_simplification.hpp  : 659)   PROCEDURE == Post simplification
   0:01:41.143  392M /   17G   INFO  General                 (graph_simplification.hpp  : 665)   Iteration 0
   0:01:41.143  392M /   17G   INFO  General                 (graph_simplification.hpp  : 447)   Removal of relatively low covered connections disabled
   0:01:41.143  392M /   17G   INFO  General                 (graph_simplification.hpp  : 309)   Clipping tips
   0:01:41.965  392M /   17G   INFO  General                 (graph_simplification.hpp  : 370)   Removing bulges
   0:01:43.105  392M /   17G   INFO StageManager             (stage.cpp                 : 125)   STAGE == Gap Closer
   0:01:43.105  392M /   17G   INFO  General                 (gap_closer.cpp            : 489)   Refilling index
   0:01:43.105  392M /   17G   INFO K-mer Index Building     (kmer_index.hpp            : 467)   Building kmer index
   0:01:43.105  392M /   17G   INFO  General                 (kmer_splitters.hpp        : 285)   Splitting kmer instances into 16 buckets. This might take a while.
   0:01:43.105  392M /   17G   INFO  General                 (file_limit.hpp            :  29)   Open file limit set to 1048576
   0:01:43.105  392M /   17G   INFO  General                 (kmer_splitters.hpp        : 308)   Memory available for splitting buffers: 19.8724 Gb
   0:01:43.105  392M /   17G   INFO  General                 (kmer_splitters.hpp        : 314)   Using cell size of 1398101
   0:01:44.010  968M /   17G   INFO  General                 (kmer_splitters.hpp        : 327)   Processed 475368 edges
   0:01:44.010  968M /   17G   INFO  General                 (kmer_splitters.hpp        : 332)   Used 475368 sequences.
   0:01:44.023  392M /   17G   INFO  General                 (kmer_index.hpp            : 345)   Starting k-mer counting.
   0:01:44.269  392M /   17G   INFO  General                 (kmer_index.hpp            : 351)   K-mer counting done. There are 6043449 kmers in total.
   0:01:44.269  392M /   17G   INFO  General                 (kmer_index.hpp            : 353)   Merging temporary buckets.
   0:01:44.354  392M /   17G   INFO K-mer Index Building     (kmer_index.hpp            : 476)   Building perfect hash indices
   0:01:45.786  392M /   17G   INFO  General                 (kmer_index.hpp            : 371)   Merging final buckets.
   0:01:45.871  392M /   17G   INFO K-mer Index Building     (kmer_index.hpp            : 515)   Index built. Total 2090691 bytes occupied (2.76755 bits per kmer).
   0:01:45.933  532M /   17G   INFO  General                 (edge_index_builders.hpp   :  21)   Collecting k-mer coverage information from graph, this takes a while.
   0:01:52.188  532M /   17G   INFO  General                 (gap_closer.cpp            : 491)   Index refilled
   0:01:52.188  532M /   17G   INFO  General                 (gap_closer.cpp            : 492)   Attaching index
   0:01:52.188  532M /   17G   INFO  General                 (gap_closer.cpp            : 494)   Index attached
   0:01:52.188  532M /   17G   INFO  General                 (gap_closer.cpp            : 178)   Preparing shift maps
   0:01:52.827  604M /   17G   INFO  General                 (gap_closer.cpp            : 132)   Processing paired reads (takes a while)
   0:01:54.408  620M /   17G   INFO  General                 (gap_closer.cpp            : 158)   Used 7574832 paired reads
   0:01:54.408  620M /   17G   INFO  General                 (gap_closer.cpp            : 160)   Merging paired indices
   0:01:54.671  648M /   17G   INFO GapCloser                (gap_closer.cpp            : 409)   Closing short gaps
   0:01:55.180  648M /   17G   INFO GapCloser                (gap_closer.cpp            : 438)   Closing short gaps complete: filled 70 gaps after checking 1076 candidates
   0:01:58.502  532M /   17G   INFO  General                 (gap_closer.cpp            : 506)   Detaching and clearing index
   0:01:58.508  392M /   17G   INFO  General                 (gap_closer.cpp            : 509)   Index clearing finished
   0:01:58.508  392M /   17G   INFO StageManager             (stage.cpp                 : 125)   STAGE == Simplification Cleanup
   0:01:58.508  392M /   17G   INFO  General                 (simplification.cpp        :  71)   Final isolated edges removal:
   0:01:58.508  392M /   17G   INFO  General                 (simplification.cpp        :  73)   All edges of length smaller than 150 will be removed
   0:01:59.583  132M /   17G   INFO  General                 (simplification.cpp        :  77)   Removed 237331 edges
   0:01:59.583  132M /   17G   INFO  General                 (simplification.cpp        :  97)   Final index refill
   0:01:59.583  132M /   17G   INFO K-mer Index Building     (kmer_index.hpp            : 467)   Building kmer index
   0:01:59.583  132M /   17G   INFO  General                 (kmer_splitters.hpp        : 285)   Splitting kmer instances into 16 buckets. This might take a while.
   0:01:59.583  132M /   17G   INFO  General                 (file_limit.hpp            :  29)   Open file limit set to 1048576
   0:01:59.583  132M /   17G   INFO  General                 (kmer_splitters.hpp        : 308)   Memory available for splitting buffers: 19.957 Gb
   0:01:59.583  132M /   17G   INFO  General                 (kmer_splitters.hpp        : 314)   Using cell size of 1398101
   0:01:59.912  708M /   17G   INFO  General                 (kmer_splitters.hpp        : 332)   Used 566 sequences.
   0:01:59.919  132M /   17G   INFO  General                 (kmer_index.hpp            : 345)   Starting k-mer counting.
   0:02:00.069  132M /   17G   INFO  General                 (kmer_index.hpp            : 351)   K-mer counting done. There are 2825857 kmers in total.
   0:02:00.069  132M /   17G   INFO  General                 (kmer_index.hpp            : 353)   Merging temporary buckets.
   0:02:00.113  132M /   17G   INFO K-mer Index Building     (kmer_index.hpp            : 476)   Building perfect hash indices
   0:02:00.641  136M /   17G   INFO  General                 (kmer_index.hpp            : 371)   Merging final buckets.
   0:02:00.680  136M /   17G   INFO K-mer Index Building     (kmer_index.hpp            : 515)   Index built. Total 977611 bytes occupied (2.76762 bits per kmer).
   0:02:00.709  204M /   17G   INFO  General                 (edge_index_builders.hpp   :  21)   Collecting k-mer coverage information from graph, this takes a while.
   0:02:03.325  204M /   17G   INFO  General                 (simplification.cpp        :  99)   Final index refill finished
   0:02:03.325  204M /   17G   INFO  General                 (simplification.cpp        : 106)   Counting average coverage
   0:02:03.325  204M /   17G   INFO  General                 (simplification.cpp        : 109)   Average coverage = 37.8106
   0:02:03.325  204M /   17G   INFO StageManager             (stage.cpp                 : 125)   STAGE == Mismatch Correction
   0:02:05.609  204M /   17G   INFO  General                 (mismatch_shall_not_pass.hp: 188)   Finished collecting potential mismatches positions
   0:02:05.615  204M /   17G   INFO  General                 (mismatch_shall_not_pass.hp: 291)   All edges processed
   0:02:05.615  204M /   17G   INFO  General                 (mismatch_correction.cpp   :  17)   Corrected 0 nucleotides
   0:02:05.615  204M /   17G   INFO StageManager             (stage.cpp                 : 125)   STAGE == Paired Information Counting
   0:02:05.616  204M /   17G   INFO  General                 (pair_info_count.cpp       : 174)   Estimating insert size for library #0
   0:02:05.616  204M /   17G   INFO  General                 (pair_info_count.cpp       :  82)   Estimating insert size (takes a while)
   0:02:05.616  204M /   17G   INFO  General                 (short_read_mapper.hpp     :  93)   Read length = 101, selecting usual mapper
   0:02:06.101  204M /   17G   INFO  General                 (pair_info_count.cpp       :  86)   1644948 paired reads (43.4319% of all) aligned to long edges
   0:02:06.102  204M /   17G   INFO  General                 (pair_info_count.cpp       : 199)     Estimated insert size for paired library #0
   0:02:06.102  204M /   17G   INFO  General                 (pair_info_count.cpp       : 204)     Insert size = 186.69, deviation = 28.9187, left quantile = 162, right quantile = 222, read length = 101
   0:02:06.102  204M /   17G   INFO  General                 (pair_info_count.cpp       : 224)   Mapping library #0
   0:02:06.102  204M /   17G   INFO  General                 (pair_info_count.cpp       : 226)   Mapping paired reads (takes a while)
   0:02:06.102  204M /   17G   INFO  General                 (pair_info_count.cpp       : 127)   Left insert size qauntile 162, right insert size quantile 222
   0:02:06.103  204M /   17G   INFO  General                 (short_read_mapper.hpp     :  93)   Read length = 101, selecting usual mapper
   0:02:10.108  224M /   17G   INFO  General                 (split_graph_pair_info.hpp : 345)   Threshold for paired information 0.584606
   0:02:10.140  204M /   17G   INFO StageManager             (stage.cpp                 : 125)   STAGE == Distance Estimation
   0:02:10.140  204M /   17G   INFO  General                 (distance_estimation.cpp   : 242)   Processing library #0
   0:02:10.141  204M /   17G   INFO  General                 (distance_estimation.cpp   : 145)   Weight Filter Done
   0:02:10.141  204M /   17G   INFO DistanceEstimator        (distance_estimation.hpp   : 226)   Using SIMPLE distance estimator
   0:02:10.167  204M /   17G   INFO  General                 (distance_estimation.cpp   :  40)   Filtering info
   0:02:10.168  204M /   17G   INFO  General                 (pair_info_filters.hpp     : 352)   Pruning the index
   0:02:10.168  204M /   17G   INFO  General                 (distance_estimation.cpp   : 193)   Refining clustered pair information
   0:02:10.168  204M /   17G   INFO  General                 (distance_estimation.cpp   : 195)   The refining of clustered pair information has been finished
   0:02:10.168  204M /   17G   INFO  General                 (distance_estimation.cpp   : 197)   Filling paired information
   0:02:10.185  204M /   17G   INFO PairInfoImprover         (pair_info_improver.hpp    :  58)   Paired info stats: missing = 147; contradictional = 32
   0:02:10.198  204M /   17G   INFO PairInfoImprover         (pair_info_improver.hpp    :  58)   Paired info stats: missing = 0; contradictional = 0
   0:02:10.198  204M /   17G   INFO  General                 (distance_estimation.cpp   : 202)   Filling scaffolding index
   0:02:10.198  204M /   17G   INFO DistanceEstimator        (distance_estimation.hpp   : 226)   Using SMOOTHING distance estimator
   0:02:10.213  204M /   17G   INFO  General                 (distance_estimation.cpp   :  40)   Filtering info
   0:02:10.214  204M /   17G   INFO  General                 (pair_info_filters.hpp     : 352)   Pruning the index
   0:02:10.214  204M /   17G   INFO StageManager             (stage.cpp                 : 125)   STAGE == Repeat Resolving
   0:02:10.214  204M /   17G   INFO  General                 (contig_output.hpp         : 295)   Outputting contigs to /data/scratch/spades/output//K85/simplified_contigs.fasta
   0:02:10.376  204M /   17G   INFO  General                 (contig_output.hpp         : 295)   Outputting contigs to /data/scratch/spades/output//K85/before_rr.fasta
   0:02:10.531  204M /   17G   INFO  General                 (repeat_resolving.cpp      : 103)   Using Path-Extend repeat resolving
   0:02:10.531  204M /   17G   INFO  General                 (path_extend_launch.hpp    : 413)   Threshold for library #0 is 0.584606
   0:02:10.531  204M /   17G   INFO  General                 (path_extend_launch.hpp    : 222)   Path-Extend repeat resolving tool started
   0:02:10.531  204M /   17G   INFO  General                 (path_extend_launch.hpp    : 230)   Using 1 paired-end library
   0:02:10.531  204M /   17G   INFO  General                 (path_extend_launch.hpp    : 231)   Using 1 paired-end scaffolding library
   0:02:10.531  204M /   17G   INFO  General                 (path_extend_launch.hpp    : 232)   Using 0 mate-pair libraries
   0:02:10.531  204M /   17G   INFO  General                 (path_extend_launch.hpp    : 233)   Using 1 single read library
   0:02:10.531  204M /   17G   INFO  General                 (path_extend_launch.hpp    : 234)   Scaffolder is on
   0:02:10.534  204M /   17G   INFO  General                 (path_extend_launch.hpp    : 258)   Growing paths using paired-end and long single reads
   0:02:10.562  204M /   17G   INFO PathExtendIO             (pe_io.hpp                 : 272)   Constructing FASTG file from paths
   0:02:10.562  204M /   17G   INFO PathExtendIO             (pe_io.hpp                 : 275)   Writing contigs in FASTG to /data/scratch/spades/output//K85/final_contigs.fastg
   0:02:10.562  204M /   17G   INFO PathExtendIO             (pe_io.hpp                 : 276)   Writing contigs in FASTA to /data/scratch/spades/output//K85/final_contigs.fasta
   0:02:10.763  204M /   17G   INFO  General                 (path_extend_launch.hpp    : 278)   Traversing tandem repeats
   0:02:10.765  204M /   17G   INFO PathExtendIO             (pe_io.hpp                 : 272)   Constructing FASTG file from paths
   0:02:10.766  204M /   17G   INFO PathExtendIO             (pe_io.hpp                 : 275)   Writing contigs in FASTG to /data/scratch/spades/output//K85/scaffolds.fastg
   0:02:10.766  204M /   17G   INFO PathExtendIO             (pe_io.hpp                 : 276)   Writing contigs in FASTA to /data/scratch/spades/output//K85/scaffolds.fasta
   0:02:10.971  204M /   17G   INFO  General                 (launch.hpp                :  84)   SPAdes finished
   0:02:11.044  132M /   17G   INFO  General                 (main.cpp                  : 166)   Assembling time: 0 hours 2 minutes 11 seconds

===== Assembling finished. 

 * Corrected reads are in /data/scratch/spades/output/corrected/
 * Assembled contigs are in /data/scratch/spades/output/contigs.fasta (contigs.fastg)
 * Assembled scaffolds are in /data/scratch/spades/output/scaffolds.fasta (scaffolds.fastg)

======= SPAdes pipeline finished.

SPAdes log can be found here: /data/scratch/spades/output/spades.log

Thank you for using SPAdes!

BaseSpace: SPAdes results are moving to /data/output/appresults/105339234



== Warning ==  Failed to load assessment module, skipping SPAdes results evaluation!


Assembled contigs were moved to /data/output/appresults/105339234/assembly
Assembled scaffolds were moved to /data/output/appresults/105339234/assembly
Log was moved to /data/output/appresults/105339234/assembly
